<?xml version="1.0" encoding="UTF-8"?>
<testsuite name="testCalculation" tests="6" skipped="0" failures="0" errors="0" timestamp="2021-04-26T20:10:35" hostname="Cillians-MacBook-Air-254.local" time="0.028">
  <properties/>
  <testcase name="testCalculation[0](1, 2, 3)" classname="testCalculation" time="0.006"/>
  <testcase name="testCalculation[1](2, 5, 7)" classname="testCalculation" time="0.0"/>
  <testcase name="testCalculation[2](10, 2, 12)" classname="testCalculation" time="0.001"/>
  <testcase name="testCalculation[3](100, 52, 152)" classname="testCalculation" time="0.001"/>
  <testcase name="testCalculation[4](-50, 2, -48)" classname="testCalculation" time="0.0"/>
  <testcase name="testCalculation[5](-1, 3, 2)" classname="testCalculation" time="0.003"/>
  <system-out><![CDATA[]]></system-out>
  <system-err><![CDATA[]]></system-err>
</testsuite>
